TN:
SF:/Users/mickperkins/Development/storm/components/develop/storm-toggle/dist/storm-toggle.standalone.js
FN:7,(anonymous_0)
FN:20,(anonymous_1)
FN:41,init
FN:56,initToggles
FN:59,(anonymous_4)
FN:63,(anonymous_5)
FN:64,(anonymous_6)
FN:72,getFocusableChildren
FN:76,toggleAttributes
FN:78,(anonymous_9)
FN:82,toggleState
FN:86,manageFocus
FN:91,(anonymous_12)
FN:97,(anonymous_13)
FN:103,trapTab
FN:115,keyListener
FN:123,toggle
FN:134,(anonymous_17)
FN:143,init
FN:148,(anonymous_19)
FNF:20
FNH:20
FNDA:1,(anonymous_0)
FNDA:1,(anonymous_1)
FNDA:4,init
FNDA:4,initToggles
FNDA:5,(anonymous_4)
FNDA:10,(anonymous_5)
FNDA:8,(anonymous_6)
FNDA:4,getFocusableChildren
FNDA:6,toggleAttributes
FNDA:10,(anonymous_9)
FNDA:6,toggleState
FNDA:6,manageFocus
FNDA:2,(anonymous_12)
FNDA:2,(anonymous_13)
FNDA:2,trapTab
FNDA:3,keyListener
FNDA:7,toggle
FNDA:6,(anonymous_17)
FNDA:4,init
FNDA:4,(anonymous_19)
DA:7,1
DA:8,1
DA:11,1
DA:12,1
DA:13,1
DA:14,1
DA:16,0
DA:17,0
DA:23,1
DA:26,1
DA:36,1
DA:37,1
DA:38,1
DA:40,1
DA:42,4
DA:43,4
DA:45,4
DA:46,4
DA:47,4
DA:48,4
DA:49,4
DA:50,4
DA:52,4
DA:54,4
DA:57,4
DA:59,4
DA:60,5
DA:61,5
DA:62,5
DA:63,5
DA:64,10
DA:65,8
DA:66,6
DA:67,6
DA:73,4
DA:77,6
DA:78,6
DA:79,10
DA:83,6
DA:84,6
DA:87,6
DA:89,6
DA:90,4
DA:91,4
DA:92,2
DA:94,4
DA:96,2
DA:97,2
DA:98,2
DA:99,1
DA:104,2
DA:105,2
DA:106,0
DA:107,0
DA:109,2
DA:110,0
DA:111,0
DA:116,3
DA:117,1
DA:118,1
DA:120,3
DA:124,7
DA:126,7
DA:128,7
DA:130,7
DA:132,7
DA:134,7
DA:135,6
DA:136,6
DA:137,6
DA:138,6
DA:143,1
DA:144,4
DA:146,4
DA:148,3
DA:149,4
DA:156,1
DA:158,1
LF:78
LH:72
BRDA:11,0,0,1
BRDA:11,0,1,0
BRDA:42,1,0,4
BRDA:42,1,1,4
BRDA:43,2,0,0
BRDA:43,2,1,4
BRDA:46,3,0,4
BRDA:46,3,1,0
BRDA:47,4,0,2
BRDA:47,4,1,2
BRDA:48,5,0,3
BRDA:48,5,1,1
BRDA:49,6,0,3
BRDA:49,6,1,1
BRDA:50,7,0,3
BRDA:50,7,1,1
BRDA:65,8,0,2
BRDA:65,8,1,6
BRDA:65,9,0,8
BRDA:65,9,1,2
BRDA:79,10,0,4
BRDA:79,10,1,6
BRDA:89,11,0,4
BRDA:89,11,1,2
BRDA:91,12,0,4
BRDA:91,12,1,2
BRDA:94,13,0,4
BRDA:94,13,1,2
BRDA:96,14,0,2
BRDA:96,14,1,2
BRDA:97,15,0,2
BRDA:97,15,1,2
BRDA:105,16,0,0
BRDA:105,16,1,2
BRDA:105,17,0,2
BRDA:105,17,1,1
BRDA:109,18,0,0
BRDA:109,18,1,2
BRDA:109,19,0,2
BRDA:109,19,1,1
BRDA:116,20,0,1
BRDA:116,20,1,2
BRDA:116,21,0,3
BRDA:116,21,1,3
BRDA:120,22,0,2
BRDA:120,22,1,1
BRDA:120,23,0,3
BRDA:120,23,1,3
BRDA:126,24,0,2
BRDA:126,24,1,5
BRDA:128,25,0,7
BRDA:128,25,1,0
BRDA:128,25,2,0
BRDA:130,26,0,0
BRDA:130,26,1,7
BRDA:135,27,0,6
BRDA:135,27,1,6
BRDA:135,27,2,6
BRDA:138,28,0,6
BRDA:138,28,1,1
BRDA:138,28,2,1
BRDA:146,29,0,1
BRDA:146,29,1,3
BRF:63
BRH:55
end_of_record
