TN:
SF:D:/Development/storm/storm-toggle/dist/storm-toggle.standalone.js
FN:7,(anonymous_0)
FN:20,(anonymous_1)
FN:42,init
FN:59,initToggles
FN:62,(anonymous_4)
FN:66,(anonymous_5)
FN:67,(anonymous_6)
FN:75,getFocusableChildren
FN:79,toggleAttributes
FN:81,(anonymous_9)
FN:85,toggleState
FN:89,manageFocus
FN:94,(anonymous_12)
FN:100,(anonymous_13)
FN:106,trapTab
FN:118,keyListener
FN:126,focusInListener
FN:127,(anonymous_17)
FN:132,manageBlurClose
FN:135,toggle
FN:146,(anonymous_20)
FN:156,init
FN:161,(anonymous_22)
FNF:23
FNH:18
FNDA:1,(anonymous_0)
FNDA:1,(anonymous_1)
FNDA:4,init
FNDA:4,initToggles
FNDA:5,(anonymous_4)
FNDA:10,(anonymous_5)
FNDA:4,(anonymous_6)
FNDA:2,getFocusableChildren
FNDA:3,toggleAttributes
FNDA:4,(anonymous_9)
FNDA:3,toggleState
FNDA:1,manageFocus
FNDA:1,(anonymous_12)
FNDA:0,(anonymous_13)
FNDA:0,trapTab
FNDA:0,keyListener
FNDA:0,focusInListener
FNDA:0,(anonymous_17)
FNDA:1,manageBlurClose
FNDA:4,toggle
FNDA:3,(anonymous_20)
FNDA:4,init
FNDA:4,(anonymous_22)
DA:7,1
DA:8,1
DA:11,1
DA:12,1
DA:13,1
DA:14,1
DA:16,0
DA:17,0
DA:23,1
DA:26,1
DA:37,1
DA:38,1
DA:39,1
DA:41,1
DA:43,4
DA:44,4
DA:46,4
DA:47,4
DA:48,4
DA:49,4
DA:50,4
DA:51,4
DA:52,4
DA:54,4
DA:55,4
DA:57,4
DA:60,4
DA:62,4
DA:63,5
DA:64,5
DA:65,5
DA:66,5
DA:67,10
DA:68,4
DA:69,4
DA:70,4
DA:76,2
DA:80,3
DA:81,3
DA:82,4
DA:86,3
DA:87,3
DA:90,1
DA:92,1
DA:93,1
DA:94,1
DA:95,1
DA:97,1
DA:99,0
DA:100,0
DA:101,0
DA:102,0
DA:107,0
DA:108,0
DA:109,0
DA:110,0
DA:112,0
DA:113,0
DA:114,0
DA:119,0
DA:120,0
DA:121,0
DA:123,0
DA:127,0
DA:128,0
DA:129,0
DA:130,0
DA:133,1
DA:136,4
DA:138,4
DA:140,4
DA:142,4
DA:144,4
DA:146,4
DA:147,3
DA:148,3
DA:149,3
DA:150,3
DA:151,3
DA:156,1
DA:157,4
DA:159,4
DA:161,3
DA:162,4
DA:169,1
DA:171,1
LF:86
LH:65
BRDA:11,0,0,1
BRDA:11,0,1,0
BRDA:43,1,0,4
BRDA:43,1,1,4
BRDA:44,2,0,0
BRDA:44,2,1,4
BRDA:47,3,0,2
BRDA:47,3,1,2
BRDA:48,4,0,2
BRDA:48,4,1,2
BRDA:49,5,0,2
BRDA:49,5,1,2
BRDA:50,6,0,3
BRDA:50,6,1,1
BRDA:51,7,0,3
BRDA:51,7,1,1
BRDA:52,8,0,3
BRDA:52,8,1,1
BRDA:55,9,0,4
BRDA:55,9,1,0
BRDA:68,10,0,0
BRDA:68,10,1,4
BRDA:68,11,0,4
BRDA:68,11,1,0
BRDA:82,12,0,0
BRDA:82,12,1,4
BRDA:92,13,0,1
BRDA:92,13,1,0
BRDA:94,14,0,1
BRDA:94,14,1,1
BRDA:97,15,0,1
BRDA:97,15,1,1
BRDA:99,16,0,0
BRDA:99,16,1,0
BRDA:100,17,0,0
BRDA:100,17,1,0
BRDA:108,18,0,0
BRDA:108,18,1,0
BRDA:108,19,0,0
BRDA:108,19,1,0
BRDA:112,20,0,0
BRDA:112,20,1,0
BRDA:112,21,0,0
BRDA:112,21,1,0
BRDA:119,22,0,0
BRDA:119,22,1,0
BRDA:119,23,0,0
BRDA:119,23,1,0
BRDA:123,24,0,0
BRDA:123,24,1,0
BRDA:123,25,0,0
BRDA:123,25,1,0
BRDA:127,26,0,0
BRDA:127,26,1,0
BRDA:127,27,0,0
BRDA:127,27,1,0
BRDA:128,28,0,0
BRDA:128,28,1,0
BRDA:133,29,0,1
BRDA:133,29,1,0
BRDA:138,30,0,1
BRDA:138,30,1,3
BRDA:140,31,0,4
BRDA:140,31,1,0
BRDA:140,31,2,0
BRDA:142,32,0,0
BRDA:142,32,1,4
BRDA:147,33,0,3
BRDA:147,33,1,1
BRDA:147,33,2,1
BRDA:148,34,0,3
BRDA:148,34,1,1
BRDA:151,35,0,3
BRDA:151,35,1,1
BRDA:151,35,2,1
BRDA:159,36,0,1
BRDA:159,36,1,3
BRF:77
BRH:40
end_of_record
